<?xml version="1.0" encoding="UTF-8"?>
<testsuite xmlns:xsi="http://www.w3.org/2001/XMLSchema-instance" xsi:noNamespaceSchemaLocation="https://maven.apache.org/surefire/maven-surefire-plugin/xsd/surefire-test-report.xsd" name="com.example.geektrust.MainTest" time="0.378" tests="25" errors="0" skipped="0" failures="0">
  <properties>
[...]
</properties>
  <testcase name="testAddDuplicateCategorySubcriptionError" classname="com.example.geektrust.MainTest" time="0.161"/>
  <testcase name="testCalculateTopup10Device" classname="com.example.geektrust.MainTest" time="0.021"/>
  <testcase name="testMusicPremiumExpiryDate" classname="com.example.geektrust.MainTest" time="0"/>
  <testcase name="testMusicPersonalExpiryDate" classname="com.example.geektrust.MainTest" time="0"/>
  <testcase name="testMusicTrialRenewalCost" classname="com.example.geektrust.MainTest" time="0.004"/>
  <testcase name="testMusicTrialExpiryDate" classname="com.example.geektrust.MainTest" time="0.004"/>
  <testcase name="testMusicPremiumRenewalCost" classname="com.example.geektrust.MainTest" time="0.002"/>
  <testcase name="testSubscriptionStartDateInValid" classname="com.example.geektrust.MainTest" time="0.037"/>
  <testcase name="testMultipleCalculateTopup" classname="com.example.geektrust.MainTest" time="0"/>
  <testcase name="testVideoTrialRenewalCost" classname="com.example.geektrust.MainTest" time="0"/>
  <testcase name="testMusicPersonalRenewalCost" classname="com.example.geektrust.MainTest" time="0"/>
  <testcase name="testVideoTrialExpiryDate" classname="com.example.geektrust.MainTest" time="0"/>
  <testcase name="testPodcastPersonalRenewalCost" classname="com.example.geektrust.MainTest" time="0"/>
  <testcase name="testPodcastTrialExpiryDate" classname="com.example.geektrust.MainTest" time="0"/>
  <testcase name="testAdd2DifferentSubcriptions" classname="com.example.geektrust.MainTest" time="0"/>
  <testcase name="testVideoPersonalRenewalCost" classname="com.example.geektrust.MainTest" time="0.002"/>
  <testcase name="testVideoPremiumExpiryDate" classname="com.example.geektrust.MainTest" time="0.002"/>
  <testcase name="testPodcastPremiumExpiryDate" classname="com.example.geektrust.MainTest" time="0.001"/>
  <testcase name="testVideoPersonalExpiryDate" classname="com.example.geektrust.MainTest" time="0.002"/>
  <testcase name="testCalculateTopup4Device" classname="com.example.geektrust.MainTest" time="0.001"/>
  <testcase name="testPodcastTrialRenewalCost" classname="com.example.geektrust.MainTest" time="0"/>
  <testcase name="testSubscriptionStartDateValid" classname="com.example.geektrust.MainTest" time="0"/>
  <testcase name="testVideoPremiumRenewalCost" classname="com.example.geektrust.MainTest" time="0"/>
  <testcase name="testPodcastPersonalExpiryDate" classname="com.example.geektrust.MainTest" time="0"/>
  <testcase name="testPodcastPremiumRenewalCost" classname="com.example.geektrust.MainTest" time="0"/>
</testsuite>